Log file open, 04/10/17 20:17:33
LogInit:Display: Running engine for game: StarterContent
LogPlatformFile: Not using cached read wrapper
LogInit:Display: RandInit(-727905718) SRandInit(-727905718).
LogTaskGraph: Started task graph with 5 named threads and 8 total threads with 1 sets of task threads.
LogStats: Stats thread started at 0.069546
LogInit: Using libcurl 7.47.1
LogInit:  - built for x86_64-pc-win32
LogInit:  - supports SSL with OpenSSL/1.0.2g
LogInit:  - supports HTTP deflate (compression) using libz 1.2.8
LogInit:  - other features:
LogInit:      CURL_VERSION_SSL
LogInit:      CURL_VERSION_LIBZ
LogInit:      CURL_VERSION_IPV6
LogInit:      CURL_VERSION_ASYNCHDNS
LogInit:      CURL_VERSION_LARGEFILE
LogInit:      CURL_VERSION_IDN
LogInit:  CurlRequestOptions (configurable via config and command line):
LogInit:  - bVerifyPeer = false  - Libcurl will NOT verify peer certificate
LogInit:  - bUseHttpProxy = false  - Libcurl will NOT use HTTP proxy
LogInit:  - bDontReuseConnections = false  - Libcurl will reuse connections
LogInit:  - CertBundlePath = nullptr  - Libcurl will use whatever was configured at build time.
LogInit: Build: ++UE4+Release-4.15-CL-3348071
LogInit: Engine Version: 4.15.1-3348071+++UE4+Release-4.15
LogInit: Compatible Engine Version: 4.15.0-3299760+++UE4+Release-4.15
LogInit: Net CL: 3299760
LogDevObjectVersion: Number of dev versions registered: 14
LogDevObjectVersion:   Dev-Blueprints (B0D832E4-1F89-4F0D-ACCF-7EB736FD4AA2): 8
LogDevObjectVersion:   Dev-Build (E1C64328-A22C-4D53-A36C-8E866417BD8C): 0
LogDevObjectVersion:   Dev-Core (375EC13C-06E4-48FB-B500-84F0262A717E): 2
LogDevObjectVersion:   Dev-Editor (E4B068ED-F494-42E9-A231-DA0B2E46BB41): 14
LogDevObjectVersion:   Dev-Framework (CFFC743F-43B0-4480-9391-14DF171D2073): 22
LogDevObjectVersion:   Dev-Mobile (B02B49B5-BB20-44E9-A304-32B752E40360): 0
LogDevObjectVersion:   Dev-Networking (A4E4105C-59A1-49B5-A7C5-40C4547EDFEE): 0
LogDevObjectVersion:   Dev-Online (39C831C9-5AE6-47DC-9A44-9C173E1C8E7C): 0
LogDevObjectVersion:   Dev-Physics (78F01B33-EBEA-4F98-B9B4-84EACCB95AA2): 0
LogDevObjectVersion:   Dev-Platform (6631380F-2D4D-43E0-8009-CF276956A95A): 0
LogDevObjectVersion:   Dev-Rendering (12F88B9F-8875-4AFC-A67C-D90C383ABD29): 12
LogDevObjectVersion:   Dev-Sequencer (7B5AE74C-D270-4C10-A958-57980B212A5A): 3
LogDevObjectVersion:   Dev-VR (D7296918-1DD6-4BDD-9DE2-64A83CC13884): 0
LogDevObjectVersion:   Dev-LoadTimes (C2A15278-BFE7-4AFE-6C17-90FF531DF755): 1
LogInit: Compiled (64-bit): Mar 15 2017 16:52:47
LogInit: Compiled with Visual C++: 19.00.23026.00
LogInit: Build Configuration: Development
LogInit: Branch Name: ++UE4+Release-4.15
LogInit: Command line:  
LogInit: Base directory: C:/Program Files/Epic Games/UE_4.15/Engine/Binaries/Win64/
LogInit: Installed Engine Build: 1
LogInit: Presizing for max 8388607 objects, including 0 objects not considered by GC, pre-allocating 0 bytes for permanent pool.
LogInit: Object subsystem initialized
[2017.04.10-18.17.34:204][  0]LogModuleManager:Warning: No filename provided for module ExampleDeviceProfileSelector
[2017.04.10-18.17.34:204][  0]LogModuleManager:Warning: ModuleManager: Unable to load module 'ExampleDeviceProfileSelector' because the file 'C:/Program Files/Epic Games/UE_4.15/Engine/Binaries/Win64/' was not found.
[2017.04.10-18.17.34:204][  0]LogInit: Applying CVar settings loaded from the selected device profile: [Windows]
[2017.04.10-18.17.34:210][  0]LogInit: Computer: DESKTOP-68MMCAQ
[2017.04.10-18.17.34:210][  0]LogInit: User: Mathew
[2017.04.10-18.17.34:210][  0]LogInit: CPU Page size=65536, Cores=4
[2017.04.10-18.17.34:210][  0]LogInit: High frequency timer resolution =3.421879 MHz
[2017.04.10-18.17.34:210][  0]LogMemory: Memory total: Physical=15.8GB (16GB approx)
[2017.04.10-18.17.34:210][  0]LogMemory: Platform Memory Stats for Windows
[2017.04.10-18.17.34:210][  0]LogMemory: Process Physical Memory: 262.80 MB used, 262.80 MB peak
[2017.04.10-18.17.34:210][  0]LogMemory: Process Virtual Memory: 262.43 MB used, 262.43 MB peak
[2017.04.10-18.17.34:210][  0]LogMemory: Physical Memory: 6448.65 MB used,  9748.52 MB free, 16197.16 MB total
[2017.04.10-18.17.34:210][  0]LogMemory: Virtual Memory: 644.21 MB used,  9748.52 MB free, 134217728.00 MB total
[2017.04.10-18.17.34:268][  0]LogTextLocalizationManager: No translations for ('hu-HU') exist, falling back to 'en' for localization and internationalization data.
[2017.04.10-18.17.34:746][  0]LogD3D11RHI: D3D11 adapters:
[2017.04.10-18.17.34:777][  0]LogD3D11RHI:    0. 'NVIDIA GeForce GTX 1060 6GB' (Feature Level 11_0)
[2017.04.10-18.17.34:777][  0]LogD3D11RHI:       6084/0/8098 MB DedicatedVideo/DedicatedSystem/SharedSystem, Outputs:2, VendorId:0x10de
[2017.04.10-18.17.34:783][  0]LogD3D11RHI:    1. 'Intel(R) HD Graphics 530' (Feature Level 11_0)
[2017.04.10-18.17.34:783][  0]LogD3D11RHI:       128/0/8098 MB DedicatedVideo/DedicatedSystem/SharedSystem, Outputs:0, VendorId:0x8086
[2017.04.10-18.17.34:784][  0]LogD3D11RHI:    2. 'Microsoft Basic Render Driver' (Feature Level 11_0)
[2017.04.10-18.17.34:784][  0]LogD3D11RHI:       0/0/8098 MB DedicatedVideo/DedicatedSystem/SharedSystem, Outputs:0, VendorId:0x1414
[2017.04.10-18.17.34:784][  0]LogD3D11RHI: Chosen D3D11 Adapter: 0
[2017.04.10-18.17.34:787][  0]LogD3D11RHI: Creating new Direct3DDevice
[2017.04.10-18.17.34:787][  0]LogD3D11RHI:     GPU DeviceId: 0x1c03 (for the marketing name, search the web for "GPU Device Id")
[2017.04.10-18.17.34:787][  0]LogWindows: EnumDisplayDevices:
[2017.04.10-18.17.34:787][  0]LogWindows:    0. 'NVIDIA GeForce GTX 1060 6GB' (P:0 D:1)
[2017.04.10-18.17.34:788][  0]LogWindows:    1. 'NVIDIA GeForce GTX 1060 6GB' (P:1 D:1)
[2017.04.10-18.17.34:788][  0]LogWindows:    2. 'NVIDIA GeForce GTX 1060 6GB' (P:0 D:0)
[2017.04.10-18.17.34:788][  0]LogWindows:    3. 'NVIDIA GeForce GTX 1060 6GB' (P:0 D:0)
[2017.04.10-18.17.34:788][  0]LogWindows:    4. 'Intel(R) HD Graphics 530' (P:0 D:0)
[2017.04.10-18.17.34:788][  0]LogWindows:    5. 'Intel(R) HD Graphics 530' (P:0 D:0)
[2017.04.10-18.17.34:788][  0]LogWindows:    6. 'Intel(R) HD Graphics 530' (P:0 D:0)
[2017.04.10-18.17.34:788][  0]LogWindows: DebugString: PrimaryIsNotTheChoosenAdapter PrimaryIsNotTheChoosenAdapter PrimaryIsNotTheChoosenAdapter FoundDriverCount:4 
[2017.04.10-18.17.34:788][  0]LogD3D11RHI:     Adapter Name: NVIDIA GeForce GTX 1060 6GB
[2017.04.10-18.17.34:788][  0]LogD3D11RHI:   Driver Version: 381.65 (internal:22.21.13.8165, unified:381.65)
[2017.04.10-18.17.34:788][  0]LogD3D11RHI:      Driver Date: 3-31-2017
[2017.04.10-18.17.34:788][  0]LogRHI: Texture pool is 1361 MB (70% of 1945 MB)
[2017.04.10-18.17.34:803][  0]LogD3D11RHI: Async texture creation enabled
[2017.04.10-18.17.34:818][  0]LogD3D11RHI: GPU Timing Frequency: 1000.000000 (Debug: 2 2)
[2017.04.10-18.17.34:915][  0]LogShaderCompilers: Guid format shader working directory is -5 characters bigger than the processId version (E:/programming/unreal/UnrealCourse04/StarterContent/Intermediate/Shaders/WorkingDirectory/12220/).
[2017.04.10-18.17.34:915][  0]LogShaderCompilers: Cleaned the shader compiler working directory 'C:/Users/Mathew/AppData/Local/Temp/UnrealShaderWorkingDir/4A94223B4BDE9F8BF93135B0B58C33E3/'.
[2017.04.10-18.17.34:915][  0]LogShaderCompilers:Display: Using Local Shader Compiler.
[2017.04.10-18.17.35:722][  0]LogTemp:Display: Loaded TP AllDesktopTargetPlatform
[2017.04.10-18.17.35:763][  0]LogTemp:Display: Loaded TP MacClientTargetPlatform
[2017.04.10-18.17.35:802][  0]LogTemp:Display: Loaded TP MacNoEditorTargetPlatform
[2017.04.10-18.17.35:842][  0]LogTemp:Display: Loaded TP MacServerTargetPlatform
[2017.04.10-18.17.35:881][  0]LogTemp:Display: Loaded TP MacTargetPlatform
[2017.04.10-18.17.35:922][  0]LogTemp:Display: Loaded TP WindowsClientTargetPlatform
[2017.04.10-18.17.35:962][  0]LogTemp:Display: Loaded TP WindowsNoEditorTargetPlatform
[2017.04.10-18.17.36:002][  0]LogTemp:Display: Loaded TP WindowsServerTargetPlatform
[2017.04.10-18.17.36:035][  0]LogTemp:Display: Loaded TP WindowsTargetPlatform
[2017.04.10-18.17.36:073][  0]LogTemp:Display: Loaded TP AndroidTargetPlatform
[2017.04.10-18.17.36:112][  0]LogTemp:Display: Loaded TP Android_ASTCTargetPlatform
[2017.04.10-18.17.36:151][  0]LogTemp:Display: Loaded TP Android_ATCTargetPlatform
[2017.04.10-18.17.36:190][  0]LogTemp:Display: Loaded TP Android_DXTTargetPlatform
[2017.04.10-18.17.36:229][  0]LogTemp:Display: Loaded TP Android_ETC1TargetPlatform
[2017.04.10-18.17.36:268][  0]LogTemp:Display: Loaded TP Android_ETC2TargetPlatform
[2017.04.10-18.17.36:347][  0]LogTemp:Display: Loaded TP Android_MultiTargetPlatform
[2017.04.10-18.17.36:347][  0]LogTemp:Display: Loaded TP Android_PVRTCTargetPlatform
[2017.04.10-18.17.36:373][  0]LogTemp:Display: Loaded TP HTML5TargetPlatform
[2017.04.10-18.17.36:448][  0]LogTemp:Display: Loaded TP IOSTargetPlatform
[2017.04.10-18.17.36:474][  0]LogTemp:Display: Loaded TP TVOSTargetPlatform
[2017.04.10-18.17.36:514][  0]LogTemp:Display: Loaded TP LinuxClientTargetPlatform
[2017.04.10-18.17.36:552][  0]LogTemp:Display: Loaded TP LinuxNoEditorTargetPlatform
[2017.04.10-18.17.36:591][  0]LogTemp:Display: Loaded TP LinuxServerTargetPlatform
[2017.04.10-18.17.36:630][  0]LogTemp:Display: Loaded TP LinuxTargetPlatform
[2017.04.10-18.17.36:630][  0]LogTargetPlatformManager:Display: Building Assets For Windows
[2017.04.10-18.17.36:927][  0]LogDerivedDataCache:Display: Max Cache Size: 512 MB
[2017.04.10-18.17.36:965][  0]LogDerivedDataCache: Loaded boot cache 0.04s 50MB C:/Users/Mathew/AppData/Local/UnrealEngine/4.15/DerivedDataCache/Boot.ddc.
[2017.04.10-18.17.36:965][  0]LogDerivedDataCache:Display: Loaded Boot cache: C:/Users/Mathew/AppData/Local/UnrealEngine/4.15/DerivedDataCache/Boot.ddc
[2017.04.10-18.17.36:965][  0]LogDerivedDataCache: FDerivedDataBackendGraph:  Pak pak cache file E:/programming/unreal/UnrealCourse04/StarterContent/DerivedDataCache/DDC.ddp not found, will not use a pak cache.
[2017.04.10-18.17.36:965][  0]LogDerivedDataCache: Unable to find inner node Pak for hierarchical cache Hierarchy.
[2017.04.10-18.17.36:965][  0]LogDerivedDataCache: FDerivedDataBackendGraph:  CompressedPak pak cache file E:/programming/unreal/UnrealCourse04/StarterContent/DerivedDataCache/Compressed.ddp not found, will not use a pak cache.
[2017.04.10-18.17.36:965][  0]LogDerivedDataCache: Unable to find inner node CompressedPak for hierarchical cache Hierarchy.
[2017.04.10-18.17.36:980][  0]LogDerivedDataCache:Display: Pak cache opened for reading ../../../Engine/DerivedDataCache/Compressed.ddp.
[2017.04.10-18.17.36:992][  0]LogDerivedDataCache: Using Local data cache path C:/Users/Mathew/AppData/Local/UnrealEngine/Common/DerivedDataCache: Writable
[2017.04.10-18.17.36:999][  0]LogSlate: Using Freetype 2.6.0
[2017.04.10-18.17.36:999][  0]LogSlate: SlateFontCache - WITH_FREETYPE: 1, WITH_HARFBUZZ: 1
[2017.04.10-18.17.36:999][  0]LogSlate: SlateFontCache - WITH_FREETYPE: 1, WITH_HARFBUZZ: 1
[2017.04.10-18.17.37:195][  0]LogModuleManager:Warning: No filename provided for module ExampleDeviceProfileSelector
[2017.04.10-18.17.37:195][  0]LogModuleManager:Warning: ModuleManager: Unable to load module 'ExampleDeviceProfileSelector' because the file 'C:/Program Files/Epic Games/UE_4.15/Engine/Binaries/Win64/' was not found.
[2017.04.10-18.17.37:196][  0]LogContentStreaming: Texture pool size is 0.00 MB
[2017.04.10-18.17.37:353][  0]LogMeshUtilities: Using QuadricMeshReduction for automatic static mesh reduction
[2017.04.10-18.17.37:383][  0]LogSimplygon: Simplygon DLL not present - disabling.
[2017.04.10-18.17.37:415][  0]LogMeshUtilities: Using SimplygonSwarm for distributed automatic mesh merging
[2017.04.10-18.17.37:415][  0]LogMeshUtilities: No automatic skeletal mesh reduction module available
[2017.04.10-18.17.37:415][  0]LogMeshUtilities: No automatic mesh merging module available
[2017.04.10-18.17.37:809][  0]LogNetVersion: GetLocalNetworkVersion: CL: 3299760, ProjectName: startercontent, ProjectVersion: , EngineNetworkVersion: 2, GameNetworkVersion: 0, NetworkChecksum: 237345472
[2017.04.10-18.17.37:847][  0]LogAssetRegistry: FAssetRegistry took 0.0209 seconds to start up
[2017.04.10-18.17.37:868][  0]LogPackageLocalizationCache: Processed 2 localized package path(s) for 1 prioritized culture(s) in 0.006699 seconds
[2017.04.10-18.17.37:872][  0]LogUObjectArray: 32493 objects as part of root set at end of initial load.
[2017.04.10-18.17.37:872][  0]LogUObjectAllocator: 7077024 out of 0 bytes used by permanent object pool.
[2017.04.10-18.17.37:872][  0]LogUObjectArray: CloseDisregardForGC: 0/0 objects in disregard for GC pool
[2017.04.10-18.17.37:914][  0]LogInit: WinSock: version 1.1 (2.2), MaxSocks=32767, MaxUdp=65467
[2017.04.10-18.17.39:000][  0]LogTcpMessaging: Initializing TcpMessaging bridge
[2017.04.10-18.17.39:029][  0]LogUdpMessaging: Initializing bridge on interface 0.0.0.0:0 to multicast group 230.0.0.1:6666.
[2017.04.10-18.17.39:242][  0]SourceControl: Info Source control is disabled
[2017.04.10-18.17.39:268][  0]SourceControl: Info Source control is disabled
[2017.04.10-18.17.39:300][  0]SourceControl: Info Source control is disabled
[2017.04.10-18.17.39:331][  0]SourceControl: Info Source control is disabled
[2017.04.10-18.17.40:240][  0]LogEngine: Initializing Engine...
[2017.04.10-18.17.40:241][  0]LogHMD: Failed to initialize OpenVR with code 110
[2017.04.10-18.17.40:408][  0]LogAIModule: Creating AISystem for world Untitled
[2017.04.10-18.17.40:419][  0]LogInit: XAudio2 using 'Speakers (Realtek High Definition Audio)' : 2 channels at 48 kHz using 32 bits per sample (channel mask 0x3)
[2017.04.10-18.17.40:451][  0]LogInit: FAudioDevice initialized.
[2017.04.10-18.17.40:470][  0]LogDerivedDataCache: Saved boot cache 0.02s 50MB C:/Users/Mathew/AppData/Local/UnrealEngine/4.15/DerivedDataCache/Boot.ddc.
[2017.04.10-18.17.40:474][  0]LogInit: Texture streaming: Enabled
[2017.04.10-18.17.40:485][  0]LogMaterial: Uniform references updated for custom material expression Custom.
[2017.04.10-18.17.40:593][  0]LogEngineSessionManager: EngineSessionManager initialized
[2017.04.10-18.17.40:654][  0]LogInit: Transaction tracking system initialized
[2017.04.10-18.17.40:985][  0]BlueprintLog: New page: Editor Load
[2017.04.10-18.17.41:605][  0]LocalizationService: Info Localization service is disabled
[2017.04.10-18.17.42:059][  0]LogConsoleResponse:Display: 
[2017.04.10-18.17.42:152][  0]LogCook:Display: Max memory allowance for cook 16384mb min free memory 0mb
[2017.04.10-18.17.42:152][  0]LogCook:Display: Mobile HDR setting 1
[2017.04.10-18.17.42:786][  0]LogFileCache: Scanning file cache for directory 'E:/programming/unreal/UnrealCourse04/StarterContent/Content/' took 0.01s
[2017.04.10-18.17.42:816][  0]SourceControl: Info Source control is disabled
[2017.04.10-18.17.42:816][  0]Cmd: MAP LOAD FILE="E:/programming/unreal/UnrealCourse04/StarterContent/Content/StarterContent/Maps/Minimal_Default.umap" TEMPLATE=0 SHOWPROGRESS=1 FEATURELEVEL=3
[2017.04.10-18.17.42:816][  0]LightingResults: New page: Lighting Build
[2017.04.10-18.17.42:843][  0]MapCheck: New page: Map Check
[2017.04.10-18.17.42:843][  0]LightingResults: New page: Lighting Build
[2017.04.10-18.17.43:039][  0]LogAIModule: Creating AISystem for world Minimal_Default
[2017.04.10-18.17.43:057][  0]LogEditorServer: Finished looking for orphan Actors (0.000 secs)
[2017.04.10-18.17.43:058][  0]Cmd: MAP CHECKDEP NOCLEARLOG
[2017.04.10-18.17.43:085][  0]MapCheck: Info Map check complete: 0 Error(s), 0 Warning(s), took 27.548ms to complete.
[2017.04.10-18.17.43:085][  0]LogFileHelpers: Loading map 'Minimal_Default' took 0.270
[2017.04.10-18.17.43:146][  0]LogWindowsTextInputMethodSystem:Display: IME system now deactivated.
[2017.04.10-18.17.43:177][  0]LogCollectionManager: Loaded 0 collections in 0.001046 seconds
[2017.04.10-18.17.43:246][  0]LogFileCache: Scanning file cache for directory 'E:/programming/unreal/UnrealCourse04/StarterContent/Saved/Collections/' took 0.01s
[2017.04.10-18.17.43:246][  0]LogFileCache: Scanning file cache for directory 'E:/programming/unreal/UnrealCourse04/StarterContent/Content/Developers/Mathew/Collections/' took 0.01s
[2017.04.10-18.17.43:246][  0]LogFileCache: Scanning file cache for directory 'E:/programming/unreal/UnrealCourse04/StarterContent/Content/Collections/' took 0.01s
[2017.04.10-18.17.43:246][  0]LogCollectionManager: Rebuilt the GUID cache for 0 collections in 0.000001 seconds
[2017.04.10-18.17.43:252][  0]LogContentBrowser: Native class hierarchy populated in 0.0066 seconds. Added 2194 classes and 430 folders.
[2017.04.10-18.17.43:255][  0]LogStats: UGameplayTagsManager::ConstructGameplayTagTree: Construct from data asset -  0.000 s
[2017.04.10-18.17.43:255][  0]LogStats: UGameplayTagsManager::ConstructGameplayTagTree: GameplayTagTreeChangedEvent.Broadcast -  0.000 s
[2017.04.10-18.17.43:300][  0]LogContentBrowser: Native class hierarchy updated for 'WidgetCarousel' in 0.0004 seconds. Added 0 classes and 0 folders.
[2017.04.10-18.17.43:325][  0]LogContentBrowser: Native class hierarchy updated for 'AddContentDialog' in 0.0004 seconds. Added 0 classes and 0 folders.
[2017.04.10-18.17.43:420][  0]LogContentBrowser: Native class hierarchy updated for 'SceneOutliner' in 0.0004 seconds. Added 1 classes and 2 folders.
[2017.04.10-18.17.43:455][  0]LogCrashTracker: Crashtracker disabled due to settings.
[2017.04.10-18.17.43:468][  0]LogDirectoryWatcher:Warning: Failed to begin reading directory changes for E:/programming/unreal/UnrealCourse04/StarterContent/Plugins/. Error: The system cannot find the file specified. (0x00000002)
[2017.04.10-18.17.43:474][  0]LogUObjectGlobals:Warning: Failed to find object 'Class None.'
[2017.04.10-18.17.43:527][  0]LogContentBrowser: Native class hierarchy updated for 'HierarchicalLODOutliner' in 0.0004 seconds. Added 1 classes and 2 folders.
[2017.04.10-18.17.43:527][  0]LogLoad: (Engine Initialization) Total time: 10.63 seconds
[2017.04.10-18.17.43:527][  0]LogLoad: (Engine Initialization) Total Blueprint compile time: 0.08 seconds
[2017.04.10-18.17.43:527][  0]LogExternalProfiler: Found external profiler: VSPerf
[2017.04.10-18.17.43:527][  0]LogExternalProfiler: Using external profiler: VSPerf
[2017.04.10-18.17.43:536][  0]LogOcInput: OculusInput pre-init called
[2017.04.10-18.17.43:550][  0]LogAssetRegistry: Asset discovery search completed in 5.7239 seconds
[2017.04.10-18.17.43:550][  0]LogCollectionManager: Rebuilt the object cache for 0 collections in 0.000004 seconds (found 0 objects)
[2017.04.10-18.17.43:550][  0]LogCollectionManager: Fixed up redirectors for 0 collections in 0.000021 seconds (updated 0 objects)
[2017.04.10-18.17.43:554][  0]LogContentStreaming: Texture pool size now 1000 MB
[2017.04.10-18.17.43:561][  0]LogSlate: Took 0.000134 seconds to synchronously load lazily loaded font '../../../Engine/Content/Slate/Fonts/Roboto-Regular.ttf' (155K)
[2017.04.10-18.17.43:564][  0]LogSlate: Took 0.000158 seconds to synchronously load lazily loaded font '../../../Engine/Content/Editor/Slate/Fonts/FontAwesome.ttf' (139K)
[2017.04.10-18.17.43:564][  0]LogSlate: Took 0.000109 seconds to synchronously load lazily loaded font '../../../Engine/Content/Slate/Fonts/Roboto-Bold.ttf' (160K)
[2017.04.10-18.17.43:568][  0]LogSlate: Took 0.000131 seconds to synchronously load lazily loaded font '../../../Engine/Content/Editor/Slate/Fonts/DroidSansMono.ttf' (77K)
[2017.04.10-18.17.43:692][  0]LogRenderer: Reallocating scene render targets to support 1024x748 NumSamples 1 (Frame:2).
[2017.04.10-18.17.46:166][277]LogDirectoryWatcher: A directory notification for '../../../Engine/Plugins/' was aborted.
[2017.04.10-18.18.39:855][454]LogSlate: Took 0.000129 seconds to synchronously load lazily loaded font '../../../Engine/Content/Slate/Fonts/Roboto-Light.ttf' (159K)
[2017.04.10-18.19.05:823][392]AssetTools: New page: Content migration completed successfully!
[2017.04.10-18.19.05:824][392]AssetTools: Info /Game/StarterContent/Particles/P_Explosion
[2017.04.10-18.19.05:824][392]AssetTools: Info /Game/StarterContent/Particles/Materials/M_Burst
[2017.04.10-18.19.05:824][392]AssetTools: Info /Game/StarterContent/Textures/T_Burst_M
[2017.04.10-18.19.05:824][392]AssetTools: Info /Game/StarterContent/Particles/Materials/M_explosion_subUV
[2017.04.10-18.19.05:824][392]AssetTools: Info /Game/StarterContent/Textures/T_Explosion_SubUV
[2017.04.10-18.19.05:824][392]AssetTools: Info /Game/StarterContent/Particles/Materials/m_flare_01
[2017.04.10-18.19.05:824][392]AssetTools: Info /Game/StarterContent/Particles/Materials/M_radial_ramp
[2017.04.10-18.19.05:824][392]AssetTools: Info /Game/StarterContent/Particles/Materials/M_smoke_subUV
[2017.04.10-18.19.05:824][392]AssetTools: Info /Game/StarterContent/Textures/T_Smoke_SubUV
[2017.04.10-18.19.05:824][392]AssetTools: Info /Game/StarterContent/Textures/T_Smoke_Tiled_D
[2017.04.10-18.19.12:355][157]LogWindowsTextInputMethodSystem:Display: IME system now deactivated.
[2017.04.10-18.19.12:519][158]Cmd: QUIT_EDITOR
[2017.04.10-18.19.12:576][158]LogExit: Preparing to exit.
[2017.04.10-18.19.13:177][158]LogExit: Editor shut down
[2017.04.10-18.19.13:177][158]LogExit: Transaction tracking system shut down
[2017.04.10-18.19.13:212][158]LogObj: Freed 0b from 0 cluster array pools.
[2017.04.10-18.19.13:212][158]LogExit: Object subsystem successfully closed.
[2017.04.10-18.19.13:224][158]LogD3D11RHI: Shutdown
[2017.04.10-18.19.13:224][158]LogD3D11RHI: CleanupD3DDevice
[2017.04.10-18.19.13:282][158]LogD3D11RHI: ~FD3D11DynamicRHI
[2017.04.10-18.19.13:293][158]LogModuleManager: Shutting down and abandoning module HierarchicalLODOutliner (481)
[2017.04.10-18.19.13:293][158]LogModuleManager: Shutting down and abandoning module CrashTracker (479)
[2017.04.10-18.19.13:293][158]LogModuleManager: Shutting down and abandoning module SceneOutliner (477)
[2017.04.10-18.19.13:293][158]LogModuleManager: Shutting down and abandoning module AddContentDialog (475)
[2017.04.10-18.19.13:293][158]LogDirectoryWatcher: A directory notification for 'C:/Program Files/Epic Games/UE_4.15/FeaturePacks/' was aborted.
[2017.04.10-18.19.13:293][158]LogModuleManager: Shutting down and abandoning module WidgetCarousel (474)
[2017.04.10-18.19.13:293][158]LogModuleManager: Shutting down and abandoning module EditorWidgets (471)
[2017.04.10-18.19.13:293][158]LogModuleManager: Shutting down and abandoning module CollectionManager (469)
[2017.04.10-18.19.13:293][158]LogDirectoryWatcher: A directory notification for 'E:/programming/unreal/UnrealCourse04/StarterContent/Content/Collections/' was aborted.
[2017.04.10-18.19.13:293][158]LogDirectoryWatcher: A directory notification for 'E:/programming/unreal/UnrealCourse04/StarterContent/Content/Developers/Mathew/Collections/' was aborted.
[2017.04.10-18.19.13:293][158]LogDirectoryWatcher: A directory notification for 'E:/programming/unreal/UnrealCourse04/StarterContent/Saved/Collections/' was aborted.
[2017.04.10-18.19.13:293][158]LogModuleManager: Shutting down and abandoning module StatsViewer (467)
[2017.04.10-18.19.13:293][158]LogModuleManager: Shutting down and abandoning module FoliageEdit (465)
[2017.04.10-18.19.13:293][158]LogModuleManager: Shutting down and abandoning module LandscapeEditor (463)
[2017.04.10-18.19.13:293][158]LogModuleManager: Shutting down and abandoning module MeshPaint (461)
[2017.04.10-18.19.13:293][158]LogModuleManager: Shutting down and abandoning module SceneDepthPickerMode (459)
[2017.04.10-18.19.13:293][158]LogModuleManager: Shutting down and abandoning module ActorPickerMode (457)
[2017.04.10-18.19.13:293][158]LogModuleManager: Shutting down and abandoning module GeometryMode (455)
[2017.04.10-18.19.13:293][158]LogModuleManager: Shutting down and abandoning module TextureAlignMode (453)
[2017.04.10-18.19.13:293][158]LogModuleManager: Shutting down and abandoning module BspMode (451)
[2017.04.10-18.19.13:293][158]LogModuleManager: Shutting down and abandoning module HardwareSurvey (449)
[2017.04.10-18.19.13:293][158]LogModuleManager: Shutting down and abandoning module SequenceRecorderSections (447)
[2017.04.10-18.19.13:293][158]LogModuleManager: Shutting down and abandoning module SequenceRecorder (445)
[2017.04.10-18.19.13:293][158]LogModuleManager: Shutting down and abandoning module AutomationWorker (443)
[2017.04.10-18.19.13:293][158]LogModuleManager: Shutting down and abandoning module MatineeToLevelSequence (441)
[2017.04.10-18.19.13:293][158]LogModuleManager: Shutting down and abandoning module LevelSequenceEditor (439)
[2017.04.10-18.19.13:294][158]LogModuleManager: Shutting down and abandoning module PlacementMode (438)
[2017.04.10-18.19.13:294][158]LogModuleManager: Shutting down and abandoning module WmfMediaFactory (435)
[2017.04.10-18.19.13:294][158]LogModuleManager: Shutting down and abandoning module WmfMediaEditor (433)
[2017.04.10-18.19.13:294][158]LogModuleManager: Shutting down and abandoning module MfMediaFactory (431)
[2017.04.10-18.19.13:294][158]LogModuleManager: Shutting down and abandoning module MfMediaEditor (429)
[2017.04.10-18.19.13:294][158]LogModuleManager: Shutting down and abandoning module AvfMediaFactory (427)
[2017.04.10-18.19.13:294][158]LogModuleManager: Shutting down and abandoning module AvfMediaEditor (425)
[2017.04.10-18.19.13:294][158]LogModuleManager: Shutting down and abandoning module AndroidMediaFactory (423)
[2017.04.10-18.19.13:294][158]LogModuleManager: Shutting down and abandoning module Media (422)
[2017.04.10-18.19.13:294][158]LogModuleManager: Shutting down and abandoning module AndroidMediaEditor (419)
[2017.04.10-18.19.13:294][158]LogModuleManager: Shutting down and abandoning module CharacterAI (417)
[2017.04.10-18.19.13:294][158]LogModuleManager: Shutting down and abandoning module SessionServices (415)
[2017.04.10-18.19.13:294][158]LogModuleManager: Shutting down and abandoning module ViewportSnapping (413)
[2017.04.10-18.19.13:294][158]LogModuleManager: Shutting down and abandoning module ViewportInteraction (411)
[2017.04.10-18.19.13:294][158]LogModuleManager: Shutting down and abandoning module LogVisualizer (409)
[2017.04.10-18.19.13:294][158]LogModuleManager: Shutting down and abandoning module IntroTutorials (407)
[2017.04.10-18.19.13:294][158]LogModuleManager: Shutting down and abandoning module GameProjectGeneration (406)
[2017.04.10-18.19.13:294][158]LogModuleManager: Shutting down and abandoning module EditorLiveStreaming (403)
[2017.04.10-18.19.13:294][158]LogModuleManager: Shutting down and abandoning module IOSPlatformEditor (401)
[2017.04.10-18.19.13:294][158]LogModuleManager: Shutting down and abandoning module HTML5PlatformEditor (399)
[2017.04.10-18.19.13:294][158]LogModuleManager: Shutting down and abandoning module AndroidPlatformEditor (397)
[2017.04.10-18.19.13:294][158]LogModuleManager: Shutting down and abandoning module AndroidDeviceDetection (396)
[2017.04.10-18.19.13:873][158]LogModuleManager: Shutting down and abandoning module IOSRuntimeSettings (393)
[2017.04.10-18.19.13:873][158]LogModuleManager: Shutting down and abandoning module AndroidRuntimeSettings (391)
[2017.04.10-18.19.13:873][158]LogModuleManager: Shutting down and abandoning module InputBindingEditor (389)
[2017.04.10-18.19.13:873][158]LogModuleManager: Shutting down and abandoning module NiagaraEditor (387)
[2017.04.10-18.19.13:874][158]LogModuleManager: Shutting down and abandoning module MergeActors (385)
[2017.04.10-18.19.13:874][158]LogModuleManager: Shutting down and abandoning module SizeMap (383)
[2017.04.10-18.19.13:874][158]LogModuleManager: Shutting down and abandoning module TreeMap (381)
[2017.04.10-18.19.13:874][158]LogModuleManager: Shutting down and abandoning module ReferenceViewer (379)
[2017.04.10-18.19.13:874][158]LogModuleManager: Shutting down and abandoning module LocalizationDashboard (377)
[2017.04.10-18.19.13:874][158]LogModuleManager: Shutting down and abandoning module LocalizationService (376)
[2017.04.10-18.19.13:874][158]LogModuleManager: Shutting down and abandoning module HardwareTargeting (373)
[2017.04.10-18.19.13:874][158]LogModuleManager: Shutting down and abandoning module DeviceProfileEditor (371)
[2017.04.10-18.19.13:874][158]LogModuleManager: Shutting down and abandoning module UndoHistory (369)
[2017.04.10-18.19.13:874][158]LogModuleManager: Shutting down and abandoning module UserFeedback (367)
[2017.04.10-18.19.13:874][158]LogModuleManager: Shutting down and abandoning module XmlParser (365)
[2017.04.10-18.19.13:874][158]LogModuleManager: Shutting down and abandoning module Blutility (363)
[2017.04.10-18.19.13:874][158]LogModuleManager: Shutting down and abandoning module ProjectSettingsViewer (361)
[2017.04.10-18.19.13:874][158]LogModuleManager: Shutting down and abandoning module ProjectTargetPlatformEditor (360)
[2017.04.10-18.19.13:874][158]LogModuleManager: Shutting down and abandoning module EditorSettingsViewer (357)
[2017.04.10-18.19.13:874][158]LogModuleManager: Shutting down and abandoning module SettingsEditor (355)
[2017.04.10-18.19.13:874][158]LogModuleManager: Shutting down and abandoning module ProjectLauncher (353)
[2017.04.10-18.19.13:874][158]LogModuleManager: Shutting down and abandoning module SessionFrontend (351)
[2017.04.10-18.19.13:874][158]LogModuleManager: Shutting down and abandoning module ProfilerClient (349)
[2017.04.10-18.19.13:874][158]LogModuleManager: Shutting down and abandoning module DeviceManager (347)
[2017.04.10-18.19.13:874][158]LogModuleManager: Shutting down and abandoning module TargetDeviceServices (346)
[2017.04.10-18.19.13:941][158]LogModuleManager: Shutting down and abandoning module AutomationController (343)
[2017.04.10-18.19.13:941][158]LogModuleManager: Shutting down and abandoning module AutomationWindow (341)
[2017.04.10-18.19.13:941][158]LogModuleManager: Shutting down and abandoning module Layers (339)
[2017.04.10-18.19.13:941][158]LogModuleManager: Shutting down and abandoning module ComponentVisualizers (337)
[2017.04.10-18.19.13:941][158]LogModuleManager: Shutting down and abandoning module DetailCustomizations (335)
[2017.04.10-18.19.13:941][158]LogModuleManager: Shutting down and abandoning module PackagesDialog (333)
[2017.04.10-18.19.13:941][158]LogModuleManager: Shutting down and abandoning module Persona (331)
[2017.04.10-18.19.13:941][158]LogModuleManager: Shutting down and abandoning module AnimGraph (330)
[2017.04.10-18.19.13:941][158]LogModuleManager: Shutting down and abandoning module Kismet (327)
[2017.04.10-18.19.13:941][158]LogModuleManager: Shutting down and abandoning module LevelEditor (326)
[2017.04.10-18.19.13:942][158]LogModuleManager: Shutting down and abandoning module PixelInspectorModule (325)
[2017.04.10-18.19.13:942][158]LogModuleManager: Shutting down and abandoning module GraphEditor (321)
[2017.04.10-18.19.13:942][158]LogModuleManager: Shutting down and abandoning module ContentBrowser (319)
[2017.04.10-18.19.13:942][158]LogModuleManager: Shutting down and abandoning module ClassViewer (317)
[2017.04.10-18.19.13:942][158]LogModuleManager: Shutting down and abandoning module Toolbox (315)
[2017.04.10-18.19.13:942][158]LogModuleManager: Shutting down and abandoning module ModuleUI (313)
[2017.04.10-18.19.13:942][158]LogModuleManager: Shutting down and abandoning module MovieSceneTools (311)
[2017.04.10-18.19.13:943][158]LogModuleManager: Shutting down and abandoning module OutputLog (309)
[2017.04.10-18.19.13:943][158]LogModuleManager: Shutting down and abandoning module GammaUI (307)
[2017.04.10-18.19.13:943][158]LogModuleManager: Shutting down and abandoning module Documentation (305)
[2017.04.10-18.19.13:943][158]LogModuleManager: Shutting down and abandoning module Niagara (303)
[2017.04.10-18.19.13:943][158]LogModuleManager: Shutting down and abandoning module StreamingPauseRendering (301)
[2017.04.10-18.19.13:943][158]LogModuleManager: Shutting down and abandoning module AnalyticsET (299)
[2017.04.10-18.19.13:943][158]LogModuleManager: Shutting down and abandoning module PortalServices (297)
[2017.04.10-18.19.13:943][158]LogModuleManager: Shutting down and abandoning module PortalRpc (295)
[2017.04.10-18.19.13:943][158]LogModuleManager: Shutting down and abandoning module MessagingRpc (293)
[2017.04.10-18.19.13:943][158]LogModuleManager: Shutting down and abandoning module AIModule (291)
[2017.04.10-18.19.13:943][158]LogModuleManager: Shutting down and abandoning module GameplayDebugger (290)
[2017.04.10-18.19.13:943][158]LogModuleManager: Shutting down and abandoning module AITestSuite (288)
[2017.04.10-18.19.13:943][158]LogModuleManager: Shutting down and abandoning module ProfilerService (285)
[2017.04.10-18.19.14:047][158]LogModuleManager: Shutting down and abandoning module TaskGraph (283)
[2017.04.10-18.19.14:047][158]LogModuleManager: Shutting down and abandoning module SteamVRController (281)
[2017.04.10-18.19.14:047][158]LogModuleManager: Shutting down and abandoning module SteamVR (279)
[2017.04.10-18.19.14:047][158]LogModuleManager: Shutting down and abandoning module ProceduralMeshComponentEditor (277)
[2017.04.10-18.19.14:047][158]LogModuleManager: Shutting down and abandoning module ProceduralMeshComponent (275)
[2017.04.10-18.19.14:047][158]LogModuleManager: Shutting down and abandoning module OculusLibrary (273)
[2017.04.10-18.19.14:048][158]LogModuleManager: Shutting down and abandoning module OculusInput (271)
[2017.04.10-18.19.14:048][158]LogModuleManager: Shutting down and abandoning module MobilePatchingUtils (269)
[2017.04.10-18.19.14:048][158]LogModuleManager: Shutting down and abandoning module CustomMeshComponent (267)
[2017.04.10-18.19.14:048][158]LogModuleManager: Shutting down and abandoning module CableComponent (265)
[2017.04.10-18.19.14:048][158]LogModuleManager: Shutting down and abandoning module ArchVisCharacter (263)
[2017.04.10-18.19.14:048][158]LogModuleManager: Shutting down and abandoning module MediaPlayerEditor (259)
[2017.04.10-18.19.14:048][158]LogModuleManager: Shutting down and abandoning module HTML5Networking (257)
[2017.04.10-18.19.14:048][158]LogModuleManager: Shutting down and abandoning module AlembicImporter (255)
[2017.04.10-18.19.14:048][158]LogModuleManager: Shutting down and abandoning module AlembicLibrary (254)
[2017.04.10-18.19.14:048][158]LogModuleManager: Shutting down and abandoning module GeometryCache (253)
[2017.04.10-18.19.14:048][158]LogModuleManager: Shutting down and abandoning module GeometryCacheEd (252)
[2017.04.10-18.19.14:048][158]LogModuleManager: Shutting down and abandoning module SuperSearchEditor (247)
[2017.04.10-18.19.14:048][158]LogModuleManager: Shutting down and abandoning module SuperSearch (246)
[2017.04.10-18.19.14:048][158]LogModuleManager: Shutting down and abandoning module SpeedTreeImporter (243)
[2017.04.10-18.19.14:048][158]LogModuleManager: Shutting down and abandoning module PluginBrowser (241)
[2017.04.10-18.19.14:048][158]LogModuleManager: Shutting down and abandoning module MobileLauncherProfileWizard (239)
[2017.04.10-18.19.14:048][158]LogModuleManager: Shutting down and abandoning module EpicSurvey (237)
[2017.04.10-18.19.14:048][158]LogModuleManager: Shutting down and abandoning module MainFrame (236)
[2017.04.10-18.19.14:048][158]LogModuleManager: Shutting down and abandoning module VisualStudioSourceCodeAccess (233)
[2017.04.10-18.19.14:048][158]LogModuleManager: Shutting down and abandoning module DesktopPlatform (232)
[2017.04.10-18.19.14:048][158]LogModuleManager: Shutting down and abandoning module HotReload (230)
[2017.04.10-18.19.14:048][158]LogModuleManager: Shutting down and abandoning module SubversionSourceControl (227)
[2017.04.10-18.19.14:048][158]LogModuleManager: Shutting down and abandoning module PerforceSourceControl (225)
[2017.04.10-18.19.14:048][158]LogModuleManager: Shutting down and abandoning module GitSourceControl (223)
[2017.04.10-18.19.14:048][158]LogModuleManager: Shutting down and abandoning module SourceControl (222)
[2017.04.10-18.19.14:048][158]LogModuleManager: Shutting down and abandoning module LightPropagationVolumeEditor (219)
[2017.04.10-18.19.14:048][158]LogModuleManager: Shutting down and abandoning module PhysXVehiclesEditor (217)
[2017.04.10-18.19.14:048][158]LogModuleManager: Shutting down and abandoning module PhysXVehicles (215)
[2017.04.10-18.19.14:048][158]LogModuleManager: Shutting down and abandoning module UdpMessaging (213)
[2017.04.10-18.19.14:149][158]LogModuleManager: Shutting down and abandoning module TcpMessaging (211)
[2017.04.10-18.19.14:249][158]LogModuleManager: Shutting down and abandoning module GameplayTagsEditor (209)
[2017.04.10-18.19.14:249][158]LogModuleManager: Shutting down and abandoning module FacialAnimationEditor (207)
[2017.04.10-18.19.14:249][158]LogModuleManager: Shutting down and abandoning module FacialAnimation (205)
[2017.04.10-18.19.14:249][158]LogModuleManager: Shutting down and abandoning module LightPropagationVolumeRuntime (203)
[2017.04.10-18.19.14:249][158]LogModuleManager: Shutting down and abandoning module WindowsMoviePlayer (201)
[2017.04.10-18.19.14:249][158]LogModuleManager: Shutting down and abandoning module WmfMedia (199)
[2017.04.10-18.19.14:249][158]LogModuleManager: Shutting down and abandoning module MfMedia (197)
[2017.04.10-18.19.14:249][158]LogModuleManager: Shutting down and abandoning module MediaAssets (195)
[2017.04.10-18.19.14:249][158]LogModuleManager: Shutting down and abandoning module GameLiveStreaming (193)
[2017.04.10-18.19.14:249][158]LogModuleManager: Shutting down and abandoning module VREditor (191)
[2017.04.10-18.19.14:249][158]LogModuleManager: Shutting down and abandoning module GameplayTasksEditor (189)
[2017.04.10-18.19.14:249][158]LogModuleManager: Shutting down and abandoning module BehaviorTreeEditor (187)
[2017.04.10-18.19.14:249][158]LogModuleManager: Shutting down and abandoning module FunctionalTesting (185)
[2017.04.10-18.19.14:249][158]LogModuleManager: Shutting down and abandoning module CollisionAnalyzer (183)
[2017.04.10-18.19.14:249][158]LogModuleManager: Shutting down and abandoning module UMG (181)
[2017.04.10-18.19.14:249][158]LogModuleManager: Shutting down and abandoning module UMGEditor (180)
[2017.04.10-18.19.14:249][158]LogModuleManager: Shutting down and abandoning module Sequencer (179)
[2017.04.10-18.19.14:249][158]LogModuleManager: Shutting down and abandoning module AssetTools (177)
[2017.04.10-18.19.14:249][158]LogModuleManager: Shutting down and abandoning module MessageLog (176)
[2017.04.10-18.19.14:249][158]LogModuleManager: Shutting down and abandoning module WorkspaceMenuStructure (175)
[2017.04.10-18.19.14:249][158]LogModuleManager: Shutting down and abandoning module SlateReflector (169)
[2017.04.10-18.19.14:249][158]LogModuleManager: Shutting down and abandoning module Slate (167)
[2017.04.10-18.19.14:249][158]LogModuleManager: Shutting down and abandoning module EditorStyle (165)
[2017.04.10-18.19.14:251][158]LogModuleManager: Shutting down and abandoning module SourceCodeAccess (163)
[2017.04.10-18.19.14:251][158]LogModuleManager: Shutting down and abandoning module HeadMountedDisplay (161)
[2017.04.10-18.19.14:251][158]LogModuleManager: Shutting down and abandoning module XAudio2 (159)
[2017.04.10-18.19.14:251][158]LogModuleManager: Shutting down and abandoning module Networking (157)
[2017.04.10-18.19.14:251][158]LogModuleManager: Shutting down and abandoning module Core (153)
[2017.04.10-18.19.14:251][158]LogModuleManager: Shutting down and abandoning module AssetRegistry (151)
[2017.04.10-18.19.14:805][158]LogFileManager:Warning: DeleteFile was unable to delete 'E:/programming/unreal/UnrealCourse04/StarterContent/Intermediate/CachedAssetRegistry.bin', retrying in .5s...
[2017.04.10-18.19.14:805][158]LogFileManager:Error: Error deleting file 'E:/programming/unreal/UnrealCourse04/StarterContent/Intermediate/CachedAssetRegistry.bin'.
[2017.04.10-18.19.14:805][158]LogDirectoryWatcher: A directory notification for '../../../Engine/Content/' was aborted.
[2017.04.10-18.19.14:805][158]LogDirectoryWatcher: A directory notification for 'E:/programming/unreal/UnrealCourse04/StarterContent/Content/' was aborted.
[2017.04.10-18.19.14:806][158]LogModuleManager: Shutting down and abandoning module DirectoryWatcher (150)
[2017.04.10-18.19.14:806][158]LogModuleManager: Shutting down and abandoning module KismetCompiler (147)
[2017.04.10-18.19.14:806][158]LogModuleManager: Shutting down and abandoning module PhysXFormats (145)
[2017.04.10-18.19.14:806][158]LogModuleManager: Shutting down and abandoning module MeshUtilities (143)
[2017.04.10-18.19.14:806][158]LogModuleManager: Shutting down and abandoning module SimplygonSwarm (142)
[2017.04.10-18.19.14:806][158]LogModuleManager: Shutting down and abandoning module SimplygonMeshReduction (140)
[2017.04.10-18.19.14:806][158]LogModuleManager: Shutting down and abandoning module QuadricMeshReduction (138)
[2017.04.10-18.19.14:806][158]LogModuleManager: Shutting down and abandoning module PropertyEditor (136)
[2017.04.10-18.19.14:806][158]LogModuleManager: Shutting down and abandoning module DerivedDataCache (133)
[2017.04.10-18.19.15:049][158]LogDerivedDataCache: Shutdown
[2017.04.10-18.19.15:049][158]LogModuleManager: Shutting down and abandoning module TargetPlatform (131)
[2017.04.10-18.19.15:049][158]LogModuleManager: Shutting down and abandoning module VulkanShaderFormat (130)
[2017.04.10-18.19.15:049][158]LogModuleManager: Shutting down and abandoning module ShaderFormatOpenGL (128)
[2017.04.10-18.19.15:049][158]LogModuleManager: Shutting down and abandoning module ShaderFormatD3D (126)
[2017.04.10-18.19.15:049][158]LogModuleManager: Shutting down and abandoning module MetalShaderFormat (124)
[2017.04.10-18.19.15:049][158]LogModuleManager: Shutting down and abandoning module TextureFormatUncompressed (122)
[2017.04.10-18.19.15:049][158]LogModuleManager: Shutting down and abandoning module TextureFormatPVR (120)
[2017.04.10-18.19.15:049][158]LogModuleManager: Shutting down and abandoning module TextureFormatDXT (118)
[2017.04.10-18.19.15:049][158]LogModuleManager: Shutting down and abandoning module TextureFormatIntelISPCTexComp (116)
[2017.04.10-18.19.15:049][158]LogModuleManager: Shutting down and abandoning module TextureFormatASTC (114)
[2017.04.10-18.19.15:049][158]LogModuleManager: Shutting down and abandoning module ImageWrapper (113)
[2017.04.10-18.19.15:049][158]LogModuleManager: Shutting down and abandoning module TextureFormatAndroid (110)
[2017.04.10-18.19.15:049][158]LogModuleManager: Shutting down and abandoning module AudioFormatOpus (108)
[2017.04.10-18.19.15:049][158]LogModuleManager: Shutting down and abandoning module AudioFormatOgg (106)
[2017.04.10-18.19.15:049][158]LogModuleManager: Shutting down and abandoning module AudioFormatADPCM (104)
[2017.04.10-18.19.15:049][158]LogModuleManager: Shutting down and abandoning module LinuxTargetPlatform (102)
[2017.04.10-18.19.15:049][158]LogModuleManager: Shutting down and abandoning module LinuxServerTargetPlatform (100)
[2017.04.10-18.19.15:049][158]LogModuleManager: Shutting down and abandoning module LinuxNoEditorTargetPlatform (98)
[2017.04.10-18.19.15:049][158]LogModuleManager: Shutting down and abandoning module LinuxClientTargetPlatform (96)
[2017.04.10-18.19.15:049][158]LogModuleManager: Shutting down and abandoning module TVOSTargetPlatform (94)
[2017.04.10-18.19.15:049][158]LogModuleManager: Shutting down and abandoning module Messaging (92)
[2017.04.10-18.19.15:049][158]LogModuleManager: Shutting down and abandoning module IOSTargetPlatform (90)
[2017.04.10-18.19.15:049][158]LogModuleManager: Shutting down and abandoning module HTML5TargetPlatform (88)
[2017.04.10-18.19.15:049][158]LogModuleManager: Shutting down and abandoning module Android_PVRTCTargetPlatform (86)
[2017.04.10-18.19.15:049][158]LogModuleManager: Shutting down and abandoning module Android_MultiTargetPlatform (84)
[2017.04.10-18.19.15:049][158]LogModuleManager: Shutting down and abandoning module Android_ETC2TargetPlatform (82)
[2017.04.10-18.19.15:049][158]LogModuleManager: Shutting down and abandoning module Android_ETC1TargetPlatform (80)
[2017.04.10-18.19.15:049][158]LogModuleManager: Shutting down and abandoning module Android_DXTTargetPlatform (78)
[2017.04.10-18.19.15:049][158]LogModuleManager: Shutting down and abandoning module Android_ATCTargetPlatform (76)
[2017.04.10-18.19.15:049][158]LogModuleManager: Shutting down and abandoning module Android_ASTCTargetPlatform (74)
[2017.04.10-18.19.15:049][158]LogModuleManager: Shutting down and abandoning module AndroidTargetPlatform (72)
[2017.04.10-18.19.15:049][158]LogModuleManager: Shutting down and abandoning module WindowsTargetPlatform (70)
[2017.04.10-18.19.15:049][158]LogModuleManager: Shutting down and abandoning module WindowsServerTargetPlatform (68)
[2017.04.10-18.19.15:049][158]LogModuleManager: Shutting down and abandoning module WindowsNoEditorTargetPlatform (66)
[2017.04.10-18.19.15:049][158]LogModuleManager: Shutting down and abandoning module WindowsClientTargetPlatform (64)
[2017.04.10-18.19.15:049][158]LogModuleManager: Shutting down and abandoning module MacTargetPlatform (62)
[2017.04.10-18.19.15:049][158]LogModuleManager: Shutting down and abandoning module MacServerTargetPlatform (60)
[2017.04.10-18.19.15:049][158]LogModuleManager: Shutting down and abandoning module MacNoEditorTargetPlatform (58)
[2017.04.10-18.19.15:049][158]LogModuleManager: Shutting down and abandoning module MacClientTargetPlatform (56)
[2017.04.10-18.19.15:049][158]LogModuleManager: Shutting down and abandoning module AllDesktopTargetPlatform (54)
[2017.04.10-18.19.15:049][158]LogModuleManager: Shutting down and abandoning module InputCore (51)
[2017.04.10-18.19.15:049][158]LogModuleManager: Shutting down and abandoning module Settings (49)
[2017.04.10-18.19.15:049][158]LogModuleManager: Shutting down and abandoning module OculusRift (46)
[2017.04.10-18.19.15:049][158]LogModuleManager: Shutting down and abandoning module GearVR (44)
[2017.04.10-18.19.15:049][158]LogModuleManager: Shutting down and abandoning module OnlineBlueprintSupport (42)
[2017.04.10-18.19.15:049][158]LogModuleManager: Shutting down and abandoning module OnlineSubsystem (38)
[2017.04.10-18.19.15:049][158]LogOnline:Display: Unloading online subsystem: NULL
[2017.04.10-18.19.15:049][158]LogModuleManager: Shutting down and abandoning module XMPP (37)
[2017.04.10-18.19.15:049][158]LogModuleManager: Shutting down and abandoning module HTTP (35)
[2017.04.10-18.19.15:049][158]LogHttp:Display: Http module shutting down, but needs to wait on 1 outstanding Http requests:
[2017.04.10-18.19.15:049][158]LogHttp:Display: 	verb=[POST] url=[https://datarouter.ol.epicgames.com/datarouter/api/v1/public/data?SessionID=%7BE8ACBF71-420D-47B2-CCE4-9A925D430380%7D&AppID=UEEditor.Rocket.Release&AppVersion=4.15.1-3348071%2B%2B%2BUE4%2BRelease-4.15&UserID=3cf37ee546dd8fe394d5c8aaab6cca4f%7Cb7fb5475e1514d7fb7ccc7b19822e3eb%7C5ec275a4-51c1-4cf1-9888-72f92b1c9ec0&AppEnvironment=datacollector-binary&UploadType=eteventstream] status=Processing
[2017.04.10-18.19.15:079][158]LogModuleManager: Shutting down and abandoning module SSL (34)
[2017.04.10-18.19.15:080][158]LogModuleManager: Shutting down and abandoning module AudioEditor (30)
[2017.04.10-18.19.15:080][158]LogModuleManager: Shutting down and abandoning module TextureCompressor (28)
[2017.04.10-18.19.15:080][158]LogModuleManager: Shutting down and abandoning module ShaderCore (26)
[2017.04.10-18.19.15:080][158]LogModuleManager: Shutting down and abandoning module Landscape (24)
[2017.04.10-18.19.15:080][158]LogModuleManager: Shutting down and abandoning module SlateRHIRenderer (22)
[2017.04.10-18.19.15:080][158]LogModuleManager: Shutting down and abandoning module OpenGLDrv (20)
[2017.04.10-18.19.15:080][158]LogModuleManager: Shutting down and abandoning module D3D11RHI (18)
[2017.04.10-18.19.15:080][158]LogModuleManager: Shutting down and abandoning module AnimGraphRuntime (16)
[2017.04.10-18.19.15:080][158]LogModuleManager: Shutting down and abandoning module Renderer (14)
[2017.04.10-18.19.15:080][158]LogModuleManager: Shutting down and abandoning module Engine (12)
[2017.04.10-18.19.15:080][158]LogModuleManager: Shutting down and abandoning module CoreUObject (10)
[2017.04.10-18.19.15:080][158]LogModuleManager: Shutting down and abandoning module NetworkFile (8)
[2017.04.10-18.19.15:080][158]LogModuleManager: Shutting down and abandoning module StreamingFile (6)
[2017.04.10-18.19.15:080][158]LogModuleManager: Shutting down and abandoning module SandboxFile (4)
[2017.04.10-18.19.15:080][158]LogModuleManager: Shutting down and abandoning module PakFile (2)
[2017.04.10-18.19.15:082][158]LogExit: Exiting.
[2017.04.10-18.19.15:100][158]Log file closed, 04/10/17 20:19:15
